# JRE version: OpenJDK Runtime Environment (8.0_242-b01) (build 1.8.0_242-release-1644-b01)
# Java VM: OpenJDK 64-Bit Server VM (25.242-b01 mixed mode windows-amd64 compressed oops)
Heap:
 PSYoungGen      total 339456K, used 283091K [0x00000000e0000000, 0x00000000f8e80000, 0x0000000100000000)
  eden space 307712K, 89% used [0x00000000e0000000,0x00000000f0d82178,0x00000000f2c80000)
  from space 31744K, 22% used [0x00000000f2c80000,0x00000000f3372cf8,0x00000000f4b80000)
  to   space 31744K, 0% used [0x00000000f6f80000,0x00000000f6f80000,0x00000000f8e80000)
 ParOldGen       total 252928K, used 81301K [0x00000000a0000000, 0x00000000af700000, 0x00000000e0000000)
  object space 252928K, 32% used [0x00000000a0000000,0x00000000a4f65400,0x00000000af700000)
 Metaspace       used 108952K, capacity 114856K, committed 115020K, reserved 1148928K
  class space    used 14337K, capacity 15475K, committed 15476K, reserved 1048576K
GC Heap History (10 events):
Event: 530.589 GC heap before
{Heap before GC invocations=27 (full 4):
 PSYoungGen      total 258560K, used 245184K [0x00000000e0000000, 0x00000000f2380000, 0x0000000100000000)
  eden space 225792K, 100% used [0x00000000e0000000,0x00000000edc80000,0x00000000edc80000)
  from space 32768K, 59% used [0x00000000efc00000,0x00000000f0ef0390,0x00000000f1c00000)
  to   space 32256K, 0% used [0x00000000edc80000,0x00000000edc80000,0x00000000efc00000)
 ParOldGen       total 252928K, used 68606K [0x00000000a0000000, 0x00000000af700000, 0x00000000e0000000)
  object space 252928K, 27% used [0x00000000a0000000,0x00000000a42ffa08,0x00000000af700000)
 Metaspace       used 108218K, capacity 114172K, committed 114252K, reserved 1148928K
  class space    used 14286K, capacity 15425K, committed 15476K, reserved 1048576K
Event: 530.626 GC heap after
Heap after GC invocations=27 (full 4):
 PSYoungGen      total 258048K, used 25714K [0x00000000e0000000, 0x00000000f4c80000, 0x0000000100000000)
  eden space 225792K, 0% used [0x00000000e0000000,0x00000000e0000000,0x00000000edc80000)
  from space 32256K, 79% used [0x00000000edc80000,0x00000000ef59c808,0x00000000efc00000)
  to   space 34304K, 0% used [0x00000000f2b00000,0x00000000f2b00000,0x00000000f4c80000)
 ParOldGen       total 252928K, used 68614K [0x00000000a0000000, 0x00000000af700000, 0x00000000e0000000)
  object space 252928K, 27% used [0x00000000a0000000,0x00000000a4301a08,0x00000000af700000)
 Metaspace       used 108218K, capacity 114172K, committed 114252K, reserved 1148928K
  class space    used 14286K, capacity 15425K, committed 15476K, reserved 1048576K
}
Event: 531.625 GC heap before
{Heap before GC invocations=28 (full 4):
 PSYoungGen      total 258048K, used 251506K [0x00000000e0000000, 0x00000000f4c80000, 0x0000000100000000)
  eden space 225792K, 100% used [0x00000000e0000000,0x00000000edc80000,0x00000000edc80000)
  from space 32256K, 79% used [0x00000000edc80000,0x00000000ef59c808,0x00000000efc00000)
  to   space 34304K, 0% used [0x00000000f2b00000,0x00000000f2b00000,0x00000000f4c80000)
 ParOldGen       total 252928K, used 68614K [0x00000000a0000000, 0x00000000af700000, 0x00000000e0000000)
  object space 252928K, 27% used [0x00000000a0000000,0x00000000a4301a08,0x00000000af700000)
 Metaspace       used 108304K, capacity 114254K, committed 114508K, reserved 1148928K
  class space    used 14286K, capacity 15426K, committed 15476K, reserved 1048576K
Event: 531.663 GC heap after
Heap after GC invocations=28 (full 4):
 PSYoungGen      total 302080K, used 15947K [0x00000000e0000000, 0x00000000f4900000, 0x0000000100000000)
  eden space 271360K, 0% used [0x00000000e0000000,0x00000000e0000000,0x00000000f0900000)
  from space 30720K, 51% used [0x00000000f2b00000,0x00000000f3a92cb0,0x00000000f4900000)
  to   space 32768K, 0% used [0x00000000f0900000,0x00000000f0900000,0x00000000f2900000)
 ParOldGen       total 252928K, used 75713K [0x00000000a0000000, 0x00000000af700000, 0x00000000e0000000)
  object space 252928K, 29% used [0x00000000a0000000,0x00000000a49f05d0,0x00000000af700000)
 Metaspace       used 108304K, capacity 114254K, committed 114508K, reserved 1148928K
  class space    used 14286K, capacity 15426K, committed 15476K, reserved 1048576K
}
Event: 533.047 GC heap before
{Heap before GC invocations=29 (full 4):
 PSYoungGen      total 302080K, used 287307K [0x00000000e0000000, 0x00000000f4900000, 0x0000000100000000)
  eden space 271360K, 100% used [0x00000000e0000000,0x00000000f0900000,0x00000000f0900000)
  from space 30720K, 51% used [0x00000000f2b00000,0x00000000f3a92cb0,0x00000000f4900000)
  to   space 32768K, 0% used [0x00000000f0900000,0x00000000f0900000,0x00000000f2900000)
 ParOldGen       total 252928K, used 75713K [0x00000000a0000000, 0x00000000af700000, 0x00000000e0000000)
  object space 252928K, 29% used [0x00000000a0000000,0x00000000a49f05d0,0x00000000af700000)
 Metaspace       used 108359K, capacity 114330K, committed 114508K, reserved 1148928K
  class space    used 14286K, capacity 15426K, committed 15476K, reserved 1048576K
Event: 533.076 GC heap after
Heap after GC invocations=29 (full 4):
 PSYoungGen      total 304128K, used 9756K [0x00000000e0000000, 0x00000000f6e80000, 0x0000000100000000)
  eden space 271360K, 0% used [0x00000000e0000000,0x00000000e0000000,0x00000000f0900000)
  from space 32768K, 29% used [0x00000000f0900000,0x00000000f12873d8,0x00000000f2900000)
  to   space 32768K, 0% used [0x00000000f4e80000,0x00000000f4e80000,0x00000000f6e80000)
 ParOldGen       total 252928K, used 81285K [0x00000000a0000000, 0x00000000af700000, 0x00000000e0000000)
  object space 252928K, 32% used [0x00000000a0000000,0x00000000a4f61400,0x00000000af700000)
 Metaspace       used 108359K, capacity 114330K, committed 114508K, reserved 1148928K
  class space    used 14286K, capacity 15426K, committed 15476K, reserved 1048576K
}
Event: 534.565 GC heap before
{Heap before GC invocations=30 (full 4):
 PSYoungGen      total 304128K, used 281116K [0x00000000e0000000, 0x00000000f6e80000, 0x0000000100000000)
  eden space 271360K, 100% used [0x00000000e0000000,0x00000000f0900000,0x00000000f0900000)
  from space 32768K, 29% used [0x00000000f0900000,0x00000000f12873d8,0x00000000f2900000)
  to   space 32768K, 0% used [0x00000000f4e80000,0x00000000f4e80000,0x00000000f6e80000)
 ParOldGen       total 252928K, used 81285K [0x00000000a0000000, 0x00000000af700000, 0x00000000e0000000)
  object space 252928K, 32% used [0x00000000a0000000,0x00000000a4f61400,0x00000000af700000)
 Metaspace       used 108376K, capacity 114332K, committed 114508K, reserved 1148928K
  class space    used 14287K, capacity 15427K, committed 15476K, reserved 1048576K
Event: 534.597 GC heap after
Heap after GC invocations=30 (full 4):
 PSYoungGen      total 336384K, used 11420K [0x00000000e0000000, 0x00000000f6a80000, 0x0000000100000000)
  eden space 307712K, 0% used [0x00000000e0000000,0x00000000e0000000,0x00000000f2c80000)
  from space 28672K, 39% used [0x00000000f4e80000,0x00000000f59a7218,0x00000000f6a80000)
  to   space 31744K, 0% used [0x00000000f2c80000,0x00000000f2c80000,0x00000000f4b80000)
 ParOldGen       total 252928K, used 81293K [0x00000000a0000000, 0x00000000af700000, 0x00000000e0000000)
  object space 252928K, 32% used [0x00000000a0000000,0x00000000a4f63400,0x00000000af700000)
 Metaspace       used 108376K, capacity 114332K, committed 114508K, reserved 1148928K
  class space    used 14287K, capacity 15427K, committed 15476K, reserved 1048576K
}
Event: 536.704 GC heap before
{Heap before GC invocations=31 (full 4):
 PSYoungGen      total 336384K, used 319132K [0x00000000e0000000, 0x00000000f6a80000, 0x0000000100000000)
  eden space 307712K, 100% used [0x00000000e0000000,0x00000000f2c80000,0x00000000f2c80000)
  from space 28672K, 39% used [0x00000000f4e80000,0x00000000f59a7218,0x00000000f6a80000)
  to   space 31744K, 0% used [0x00000000f2c80000,0x00000000f2c80000,0x00000000f4b80000)
 ParOldGen       total 252928K, used 81293K [0x00000000a0000000, 0x00000000af700000, 0x00000000e0000000)
  object space 252928K, 32% used [0x00000000a0000000,0x00000000a4f63400,0x00000000af700000)
 Metaspace       used 108560K, capacity 114496K, committed 114764K, reserved 1148928K
  class space    used 14287K, capacity 15427K, committed 15476K, reserved 1048576K
Event: 536.721 GC heap after
Heap after GC invocations=31 (full 4):
 PSYoungGen      total 339456K, used 7115K [0x00000000e0000000, 0x00000000f8e80000, 0x0000000100000000)
  eden space 307712K, 0% used [0x00000000e0000000,0x00000000e0000000,0x00000000f2c80000)
  from space 31744K, 22% used [0x00000000f2c80000,0x00000000f3372cf8,0x00000000f4b80000)
  to   space 31744K, 0% used [0x00000000f6f80000,0x00000000f6f80000,0x00000000f8e80000)
 ParOldGen       total 252928K, used 81301K [0x00000000a0000000, 0x00000000af700000, 0x00000000e0000000)
  object space 252928K, 32% used [0x00000000a0000000,0x00000000a4f65400,0x00000000af700000)
 Metaspace       used 108560K, capacity 114496K, committed 114764K, reserved 1148928K
  class space    used 14287K, capacity 15427K, committed 15476K, reserved 1048576K
}

